<?xml version="1.0" encoding="UTF-8"?>
<testsuite xmlns:xsi="http://www.w3.org/2001/XMLSchema-instance" xsi:noNamespaceSchemaLocation="https://maven.apache.org/surefire/maven-surefire-plugin/xsd/surefire-test-report-3.0.xsd" version="3.0" name="com.mycompany.app.SayHelloRecipeTest" time="3.254" tests="3" errors="0" skipped="0" failures="0">
  <properties>
    <property name="java.specification.version" value="17"/>
    <property name="sun.jnu.encoding" value="UTF-8"/>
    <property name="java.class.path" value="/home/tom/Projects/my-app/target/test-classes:/home/tom/Projects/my-app/target/classes:/home/tom/.m2/repository/org/openrewrite/rewrite-java/7.39.1/rewrite-java-7.39.1.jar:/home/tom/.m2/repository/org/openrewrite/rewrite-core/7.39.1/rewrite-core-7.39.1.jar:/home/tom/.m2/repository/com/fasterxml/jackson/core/jackson-databind/2.13.4.2/jackson-databind-2.13.4.2.jar:/home/tom/.m2/repository/com/fasterxml/jackson/module/jackson-module-parameter-names/2.13.4/jackson-module-parameter-names-2.13.4.jar:/home/tom/.m2/repository/org/openrewrite/tools/java-object-diff/1.0.1/java-object-diff-1.0.1.jar:/home/tom/.m2/repository/io/quarkus/gizmo/gizmo/1.0.11.Final/gizmo-1.0.11.Final.jar:/home/tom/.m2/repository/org/jboss/jandex/2.4.2.Final/jandex-2.4.2.Final.jar:/home/tom/.m2/repository/net/java/dev/jna/jna-platform/5.13.0/jna-platform-5.13.0.jar:/home/tom/.m2/repository/net/java/dev/jna/jna/5.13.0/jna-5.13.0.jar:/home/tom/.m2/repository/org/apache/commons/commons-compress/1.23.0/commons-compress-1.23.0.jar:/home/tom/.m2/repository/io/micrometer/micrometer-core/1.9.9/micrometer-core-1.9.9.jar:/home/tom/.m2/repository/org/hdrhistogram/HdrHistogram/2.1.12/HdrHistogram-2.1.12.jar:/home/tom/.m2/repository/org/latencyutils/LatencyUtils/2.0.3/LatencyUtils-2.0.3.jar:/home/tom/.m2/repository/org/jetbrains/annotations/24.0.1/annotations-24.0.1.jar:/home/tom/.m2/repository/com/fasterxml/jackson/core/jackson-annotations/2.13.4/jackson-annotations-2.13.4.jar:/home/tom/.m2/repository/org/antlr/antlr4/4.11.1/antlr4-4.11.1.jar:/home/tom/.m2/repository/org/antlr/antlr4-runtime/4.11.1/antlr4-runtime-4.11.1.jar:/home/tom/.m2/repository/org/antlr/antlr-runtime/3.5.3/antlr-runtime-3.5.3.jar:/home/tom/.m2/repository/org/antlr/ST4/4.3.4/ST4-4.3.4.jar:/home/tom/.m2/repository/org/abego/treelayout/org.abego.treelayout.core/1.0.3/org.abego.treelayout.core-1.0.3.jar:/home/tom/.m2/repository/org/glassfish/javax.json/1.1.4/javax.json-1.1.4.jar:/home/tom/.m2/repository/com/ibm/icu/icu4j/71.1/icu4j-71.1.jar:/home/tom/.m2/repository/org/apache/commons/commons-lang3/3.12.0/commons-lang3-3.12.0.jar:/home/tom/.m2/repository/org/apache/commons/commons-text/1.10.0/commons-text-1.10.0.jar:/home/tom/.m2/repository/io/github/classgraph/classgraph/4.8.157/classgraph-4.8.157.jar:/home/tom/.m2/repository/org/xerial/snappy/snappy-java/1.1.8.4/snappy-java-1.1.8.4.jar:/home/tom/.m2/repository/io/github/fastfilter/fastfilter/1.0.2/fastfilter-1.0.2.jar:/home/tom/.m2/repository/org/ow2/asm/asm/9.5/asm-9.5.jar:/home/tom/.m2/repository/org/ow2/asm/asm-util/9.5/asm-util-9.5.jar:/home/tom/.m2/repository/org/ow2/asm/asm-tree/9.5/asm-tree-9.5.jar:/home/tom/.m2/repository/org/ow2/asm/asm-analysis/9.5/asm-analysis-9.5.jar:/home/tom/.m2/repository/org/openrewrite/rewrite-java-8/7.39.1/rewrite-java-8-7.39.1.jar:/home/tom/.m2/repository/org/openrewrite/rewrite-java-11/7.39.1/rewrite-java-11-7.39.1.jar:/home/tom/.m2/repository/org/openrewrite/rewrite-java-17/7.39.1/rewrite-java-17-7.39.1.jar:/home/tom/.m2/repository/org/openrewrite/rewrite-maven/7.39.1/rewrite-maven-7.39.1.jar:/home/tom/.m2/repository/com/github/ben-manes/caffeine/caffeine/2.9.3/caffeine-2.9.3.jar:/home/tom/.m2/repository/org/checkerframework/checker-qual/3.19.0/checker-qual-3.19.0.jar:/home/tom/.m2/repository/io/github/resilience4j/resilience4j-retry/1.7.0/resilience4j-retry-1.7.0.jar:/home/tom/.m2/repository/io/vavr/vavr/0.10.2/vavr-0.10.2.jar:/home/tom/.m2/repository/io/vavr/vavr-match/0.10.2/vavr-match-0.10.2.jar:/home/tom/.m2/repository/io/github/resilience4j/resilience4j-core/1.7.0/resilience4j-core-1.7.0.jar:/home/tom/.m2/repository/com/fasterxml/jackson/dataformat/jackson-dataformat-xml/2.13.4/jackson-dataformat-xml-2.13.4.jar:/home/tom/.m2/repository/com/fasterxml/jackson/core/jackson-core/2.13.4/jackson-core-2.13.4.jar:/home/tom/.m2/repository/org/codehaus/woodstox/stax2-api/4.2.1/stax2-api-4.2.1.jar:/home/tom/.m2/repository/com/fasterxml/woodstox/woodstox-core/6.3.1/woodstox-core-6.3.1.jar:/home/tom/.m2/repository/com/fasterxml/jackson/dataformat/jackson-dataformat-smile/2.13.4/jackson-dataformat-smile-2.13.4.jar:/home/tom/.m2/repository/com/fasterxml/jackson/module/jackson-module-jaxb-annotations/2.13.4/jackson-module-jaxb-annotations-2.13.4.jar:/home/tom/.m2/repository/jakarta/xml/bind/jakarta.xml.bind-api/2.3.3/jakarta.xml.bind-api-2.3.3.jar:/home/tom/.m2/repository/jakarta/activation/jakarta.activation-api/1.2.1/jakarta.activation-api-1.2.1.jar:/home/tom/.m2/repository/com/fasterxml/jackson/datatype/jackson-datatype-jdk8/2.13.4/jackson-datatype-jdk8-2.13.4.jar:/home/tom/.m2/repository/org/openrewrite/rewrite-yaml/7.39.1/rewrite-yaml-7.39.1.jar:/home/tom/.m2/repository/org/yaml/snakeyaml/2.0/snakeyaml-2.0.jar:/home/tom/.m2/repository/org/openrewrite/rewrite-properties/7.39.1/rewrite-properties-7.39.1.jar:/home/tom/.m2/repository/org/openrewrite/rewrite-xml/7.39.1/rewrite-xml-7.39.1.jar:/home/tom/.m2/repository/org/openrewrite/rewrite-test/7.39.1/rewrite-test-7.39.1.jar:/home/tom/.m2/repository/org/junit/jupiter/junit-jupiter-api/5.9.2/junit-jupiter-api-5.9.2.jar:/home/tom/.m2/repository/org/opentest4j/opentest4j/1.2.0/opentest4j-1.2.0.jar:/home/tom/.m2/repository/org/junit/platform/junit-platform-commons/1.9.2/junit-platform-commons-1.9.2.jar:/home/tom/.m2/repository/org/apiguardian/apiguardian-api/1.1.2/apiguardian-api-1.1.2.jar:/home/tom/.m2/repository/org/junit/jupiter/junit-jupiter-params/5.9.2/junit-jupiter-params-5.9.2.jar:/home/tom/.m2/repository/org/assertj/assertj-core/3.24.2/assertj-core-3.24.2.jar:/home/tom/.m2/repository/net/bytebuddy/byte-buddy/1.12.21/byte-buddy-1.12.21.jar:/home/tom/.m2/repository/com/fasterxml/jackson/dataformat/jackson-dataformat-csv/2.13.4/jackson-dataformat-csv-2.13.4.jar:/home/tom/.m2/repository/org/slf4j/slf4j-api/1.7.36/slf4j-api-1.7.36.jar:/home/tom/.m2/repository/org/projectlombok/lombok/1.18.26/lombok-1.18.26.jar:"/>
    <property name="java.vm.vendor" value="GraalVM Community"/>
    <property name="sun.arch.data.model" value="64"/>
    <property name="java.vendor.url" value="https://www.graalvm.org/"/>
    <property name="user.timezone" value="Europe/London"/>
    <property name="os.name" value="Linux"/>
    <property name="java.vm.specification.version" value="17"/>
    <property name="sun.java.launcher" value="SUN_STANDARD"/>
    <property name="user.country" value="GB"/>
    <property name="sun.boot.library.path" value="/usr/lib/jvm/graalvm-ce-java17-22.3.1/lib"/>
    <property name="sun.java.command" value="/home/tom/Projects/my-app/target/surefire/surefirebooter-20230516185410648_3.jar /home/tom/Projects/my-app/target/surefire 2023-05-16T18-54-10_390-jvmRun1 surefire-20230516185410648_1tmp surefire_0-20230516185410648_2tmp"/>
    <property name="jdk.debug" value="release"/>
    <property name="surefire.test.class.path" value="/home/tom/Projects/my-app/target/test-classes:/home/tom/Projects/my-app/target/classes:/home/tom/.m2/repository/org/openrewrite/rewrite-java/7.39.1/rewrite-java-7.39.1.jar:/home/tom/.m2/repository/org/openrewrite/rewrite-core/7.39.1/rewrite-core-7.39.1.jar:/home/tom/.m2/repository/com/fasterxml/jackson/core/jackson-databind/2.13.4.2/jackson-databind-2.13.4.2.jar:/home/tom/.m2/repository/com/fasterxml/jackson/module/jackson-module-parameter-names/2.13.4/jackson-module-parameter-names-2.13.4.jar:/home/tom/.m2/repository/org/openrewrite/tools/java-object-diff/1.0.1/java-object-diff-1.0.1.jar:/home/tom/.m2/repository/io/quarkus/gizmo/gizmo/1.0.11.Final/gizmo-1.0.11.Final.jar:/home/tom/.m2/repository/org/jboss/jandex/2.4.2.Final/jandex-2.4.2.Final.jar:/home/tom/.m2/repository/net/java/dev/jna/jna-platform/5.13.0/jna-platform-5.13.0.jar:/home/tom/.m2/repository/net/java/dev/jna/jna/5.13.0/jna-5.13.0.jar:/home/tom/.m2/repository/org/apache/commons/commons-compress/1.23.0/commons-compress-1.23.0.jar:/home/tom/.m2/repository/io/micrometer/micrometer-core/1.9.9/micrometer-core-1.9.9.jar:/home/tom/.m2/repository/org/hdrhistogram/HdrHistogram/2.1.12/HdrHistogram-2.1.12.jar:/home/tom/.m2/repository/org/latencyutils/LatencyUtils/2.0.3/LatencyUtils-2.0.3.jar:/home/tom/.m2/repository/org/jetbrains/annotations/24.0.1/annotations-24.0.1.jar:/home/tom/.m2/repository/com/fasterxml/jackson/core/jackson-annotations/2.13.4/jackson-annotations-2.13.4.jar:/home/tom/.m2/repository/org/antlr/antlr4/4.11.1/antlr4-4.11.1.jar:/home/tom/.m2/repository/org/antlr/antlr4-runtime/4.11.1/antlr4-runtime-4.11.1.jar:/home/tom/.m2/repository/org/antlr/antlr-runtime/3.5.3/antlr-runtime-3.5.3.jar:/home/tom/.m2/repository/org/antlr/ST4/4.3.4/ST4-4.3.4.jar:/home/tom/.m2/repository/org/abego/treelayout/org.abego.treelayout.core/1.0.3/org.abego.treelayout.core-1.0.3.jar:/home/tom/.m2/repository/org/glassfish/javax.json/1.1.4/javax.json-1.1.4.jar:/home/tom/.m2/repository/com/ibm/icu/icu4j/71.1/icu4j-71.1.jar:/home/tom/.m2/repository/org/apache/commons/commons-lang3/3.12.0/commons-lang3-3.12.0.jar:/home/tom/.m2/repository/org/apache/commons/commons-text/1.10.0/commons-text-1.10.0.jar:/home/tom/.m2/repository/io/github/classgraph/classgraph/4.8.157/classgraph-4.8.157.jar:/home/tom/.m2/repository/org/xerial/snappy/snappy-java/1.1.8.4/snappy-java-1.1.8.4.jar:/home/tom/.m2/repository/io/github/fastfilter/fastfilter/1.0.2/fastfilter-1.0.2.jar:/home/tom/.m2/repository/org/ow2/asm/asm/9.5/asm-9.5.jar:/home/tom/.m2/repository/org/ow2/asm/asm-util/9.5/asm-util-9.5.jar:/home/tom/.m2/repository/org/ow2/asm/asm-tree/9.5/asm-tree-9.5.jar:/home/tom/.m2/repository/org/ow2/asm/asm-analysis/9.5/asm-analysis-9.5.jar:/home/tom/.m2/repository/org/openrewrite/rewrite-java-8/7.39.1/rewrite-java-8-7.39.1.jar:/home/tom/.m2/repository/org/openrewrite/rewrite-java-11/7.39.1/rewrite-java-11-7.39.1.jar:/home/tom/.m2/repository/org/openrewrite/rewrite-java-17/7.39.1/rewrite-java-17-7.39.1.jar:/home/tom/.m2/repository/org/openrewrite/rewrite-maven/7.39.1/rewrite-maven-7.39.1.jar:/home/tom/.m2/repository/com/github/ben-manes/caffeine/caffeine/2.9.3/caffeine-2.9.3.jar:/home/tom/.m2/repository/org/checkerframework/checker-qual/3.19.0/checker-qual-3.19.0.jar:/home/tom/.m2/repository/io/github/resilience4j/resilience4j-retry/1.7.0/resilience4j-retry-1.7.0.jar:/home/tom/.m2/repository/io/vavr/vavr/0.10.2/vavr-0.10.2.jar:/home/tom/.m2/repository/io/vavr/vavr-match/0.10.2/vavr-match-0.10.2.jar:/home/tom/.m2/repository/io/github/resilience4j/resilience4j-core/1.7.0/resilience4j-core-1.7.0.jar:/home/tom/.m2/repository/com/fasterxml/jackson/dataformat/jackson-dataformat-xml/2.13.4/jackson-dataformat-xml-2.13.4.jar:/home/tom/.m2/repository/com/fasterxml/jackson/core/jackson-core/2.13.4/jackson-core-2.13.4.jar:/home/tom/.m2/repository/org/codehaus/woodstox/stax2-api/4.2.1/stax2-api-4.2.1.jar:/home/tom/.m2/repository/com/fasterxml/woodstox/woodstox-core/6.3.1/woodstox-core-6.3.1.jar:/home/tom/.m2/repository/com/fasterxml/jackson/dataformat/jackson-dataformat-smile/2.13.4/jackson-dataformat-smile-2.13.4.jar:/home/tom/.m2/repository/com/fasterxml/jackson/module/jackson-module-jaxb-annotations/2.13.4/jackson-module-jaxb-annotations-2.13.4.jar:/home/tom/.m2/repository/jakarta/xml/bind/jakarta.xml.bind-api/2.3.3/jakarta.xml.bind-api-2.3.3.jar:/home/tom/.m2/repository/jakarta/activation/jakarta.activation-api/1.2.1/jakarta.activation-api-1.2.1.jar:/home/tom/.m2/repository/com/fasterxml/jackson/datatype/jackson-datatype-jdk8/2.13.4/jackson-datatype-jdk8-2.13.4.jar:/home/tom/.m2/repository/org/openrewrite/rewrite-yaml/7.39.1/rewrite-yaml-7.39.1.jar:/home/tom/.m2/repository/org/yaml/snakeyaml/2.0/snakeyaml-2.0.jar:/home/tom/.m2/repository/org/openrewrite/rewrite-properties/7.39.1/rewrite-properties-7.39.1.jar:/home/tom/.m2/repository/org/openrewrite/rewrite-xml/7.39.1/rewrite-xml-7.39.1.jar:/home/tom/.m2/repository/org/openrewrite/rewrite-test/7.39.1/rewrite-test-7.39.1.jar:/home/tom/.m2/repository/org/junit/jupiter/junit-jupiter-api/5.9.2/junit-jupiter-api-5.9.2.jar:/home/tom/.m2/repository/org/opentest4j/opentest4j/1.2.0/opentest4j-1.2.0.jar:/home/tom/.m2/repository/org/junit/platform/junit-platform-commons/1.9.2/junit-platform-commons-1.9.2.jar:/home/tom/.m2/repository/org/apiguardian/apiguardian-api/1.1.2/apiguardian-api-1.1.2.jar:/home/tom/.m2/repository/org/junit/jupiter/junit-jupiter-params/5.9.2/junit-jupiter-params-5.9.2.jar:/home/tom/.m2/repository/org/assertj/assertj-core/3.24.2/assertj-core-3.24.2.jar:/home/tom/.m2/repository/net/bytebuddy/byte-buddy/1.12.21/byte-buddy-1.12.21.jar:/home/tom/.m2/repository/com/fasterxml/jackson/dataformat/jackson-dataformat-csv/2.13.4/jackson-dataformat-csv-2.13.4.jar:/home/tom/.m2/repository/org/slf4j/slf4j-api/1.7.36/slf4j-api-1.7.36.jar:/home/tom/.m2/repository/org/projectlombok/lombok/1.18.26/lombok-1.18.26.jar:"/>
    <property name="sun.cpu.endian" value="little"/>
    <property name="user.home" value="/home/tom"/>
    <property name="user.language" value="en"/>
    <property name="java.specification.vendor" value="Oracle Corporation"/>
    <property name="java.version.date" value="2023-01-17"/>
    <property name="java.home" value="/usr/lib/jvm/graalvm-ce-java17-22.3.1"/>
    <property name="file.separator" value="/"/>
    <property name="basedir" value="/home/tom/Projects/my-app"/>
    <property name="java.vm.compressedOopsMode" value="Zero based"/>
    <property name="jdk.internal.vm.ci.enabled" value="true"/>
    <property name="line.separator" value="&#10;"/>
    <property name="java.specification.name" value="Java Platform API Specification"/>
    <property name="java.vm.specification.vendor" value="Oracle Corporation"/>
    <property name="surefire.real.class.path" value="/home/tom/Projects/my-app/target/surefire/surefirebooter-20230516185410648_3.jar"/>
    <property name="sun.management.compiler" value="HotSpot 64-Bit Tiered Compilers"/>
    <property name="java.runtime.version" value="17.0.6+10-jvmci-22.3-b13"/>
    <property name="user.name" value="tom"/>
    <property name="path.separator" value=":"/>
    <property name="os.version" value="5.19.0-41-generic"/>
    <property name="java.runtime.name" value="OpenJDK Runtime Environment"/>
    <property name="file.encoding" value="UTF-8"/>
    <property name="java.vm.name" value="OpenJDK 64-Bit Server VM"/>
    <property name="java.vendor.version" value="GraalVM CE 22.3.1"/>
    <property name="localRepository" value="/home/tom/.m2/repository"/>
    <property name="java.vendor.url.bug" value="https://github.com/oracle/graal/issues"/>
    <property name="java.io.tmpdir" value="/tmp"/>
    <property name="java.version" value="17.0.6"/>
    <property name="user.dir" value="/home/tom/Projects/my-app"/>
    <property name="os.arch" value="amd64"/>
    <property name="java.vm.specification.name" value="Java Virtual Machine Specification"/>
    <property name="native.encoding" value="UTF-8"/>
    <property name="java.library.path" value="/usr/java/packages/lib:/usr/lib64:/lib64:/lib:/usr/lib"/>
    <property name="java.vm.info" value="mixed mode, sharing"/>
    <property name="java.vendor" value="GraalVM Community"/>
    <property name="java.vm.version" value="17.0.6+10-jvmci-22.3-b13"/>
    <property name="sun.io.unicode.encoding" value="UnicodeLittle"/>
    <property name="java.class.version" value="61.0"/>
  </properties>
  <testcase name="doesNotChangeExistingHello" classname="com.mycompany.app.SayHelloRecipeTest" time="2.203">
    <system-err><![CDATA[SLF4J: Failed to load class "org.slf4j.impl.StaticLoggerBinder".
SLF4J: Defaulting to no-operation (NOP) logger implementation
SLF4J: See http://www.slf4j.org/codes.html#StaticLoggerBinder for further details.
]]></system-err>
  </testcase>
  <testcase name="doesNotChangeOtherClasses" classname="com.mycompany.app.SayHelloRecipeTest" time="0.417"/>
  <testcase name="addsHelloToFooBar" classname="com.mycompany.app.SayHelloRecipeTest" time="0.607"/>
</testsuite>